<?xml version="1.0" encoding="UTF-8"?>
<!-- Generated by org.testng.reporters.JUnitReportReporter -->
<testsuite skipped="0" hostname="MacBook-Pro-of-Yogesh.local" name="com.rest.api.auth.AuthAPIs" tests="1" failures="0" timestamp="05 Jan 2022 04:12:16 GMT" time="2.188" errors="0">
  <testcase name="basicAuth_test_api" time="2.188" classname="com.rest.api.auth.AuthAPIs"/>
</testsuite> <!-- com.rest.api.auth.AuthAPIs -->
