<?xml version="1.0" encoding="UTF-8"?>
<!-- Generated by org.testng.reporters.JUnitReportReporter -->
<testsuite skipped="0" hostname="MacBook-Pro-of-Yogesh.local" name="com.rest.api.auth.AuthAPI_GenerateToken" tests="1" failures="0" timestamp="05 Jan 2022 05:52:36 GMT" time="2.064" errors="0">
  <testcase name="generateToken" time="2.064" classname="com.rest.api.auth.AuthAPI_GenerateToken"/>
</testsuite> <!-- com.rest.api.auth.AuthAPI_GenerateToken -->
