<?xml version="1.0" encoding="UTF-8"?>
<!-- Generated by org.testng.reporters.JUnitReportReporter -->
<testsuite skipped="0" hostname="MacBook-Pro-of-Yogesh.local" name="com.rest.api.schema.CheckSchemaTest" tests="1" failures="0" timestamp="06 Jan 2022 12:04:50 GMT" time="2.406" errors="0">
  <testcase name="Booking_Schema_Test" time="2.406" classname="com.rest.api.schema.CheckSchemaTest"/>
</testsuite> <!-- com.rest.api.schema.CheckSchemaTest -->
