<?xml version="1.0" encoding="UTF-8"?>
<!-- Generated by org.testng.reporters.JUnitReportReporter -->
<testsuite skipped="0" hostname="MacBook-Pro-of-Yogesh.local" name="com.rest.api.put.PUT_API" tests="1" failures="0" timestamp="07 Jan 2022 14:24:52 GMT" time="2.333" errors="0">
  <testcase name="updateUserPUT" time="2.333" classname="com.rest.api.put.PUT_API"/>
</testsuite> <!-- com.rest.api.put.PUT_API -->
