<?xml version="1.0" encoding="UTF-8"?>
<!-- Generated by org.testng.reporters.JUnitReportReporter -->
<testsuite skipped="0" hostname="MacBook-Pro-of-Yogesh.local" name="com.rest.api.get.get_nonBDD_API" tests="1" failures="0" timestamp="08 Jan 2022 16:44:58 GMT" time="1.344" errors="0">
  <testcase name="get_user_nonBDD_with_Param" time="1.344" classname="com.rest.api.get.get_nonBDD_API"/>
</testsuite> <!-- com.rest.api.get.get_nonBDD_API -->
